<?xml version="1.0" encoding="UTF-8"?>
<!-- Generated by org.testng.reporters.JUnitXMLReporter -->
<testsuite hostname="Vallabhaneni-PC" ignored="0" name="Test1" tests="5" failures="0" timestamp="01 Oct 2018 08:51:19 GMT" time="0.403" errors="0">
  <testcase name="aSecondTest" time="0.024" classname="Test.TestNg"/>
  <testcase name="athirdTest" time="0.012" classname="Test.TestNg"/>
  <testcase name="zfirstTest" time="0.008" classname="Test.TestNg"/>
  <testcase name="bFirstTest" time="0.01" classname="Test.NewTest"/>
  <testcase name="aSecondTest" time="0.008" classname="Test.NewTest"/>
</testsuite> <!-- Test1 -->
