<?xml version="1.0" encoding="UTF-8"?>
<testng-results skipped="0" failed="0" ignored="0" total="5" passed="5">
  <reporter-output>
  </reporter-output>
  <suite name="Suite 1" duration-ms="403" started-at="2018-10-01T08:51:19Z" finished-at="2018-10-01T08:51:19Z">
    <groups>
    </groups>
    <test name="Test1" duration-ms="403" started-at="2018-10-01T08:51:19Z" finished-at="2018-10-01T08:51:19Z">
      <class name="Test.TestNg">
        <test-method status="PASS" signature="beforeTest()[pri:0, instance:Test.TestNg@59ec2012]" name="beforeTest" is-config="true" duration-ms="116" started-at="2018-10-01T14:21:19Z" finished-at="2018-10-01T14:21:19Z">
          <reporter-output>
          </reporter-output>
        </test-method> <!-- beforeTest -->
        <test-method status="PASS" signature="aSecondTest()[pri:0, instance:Test.TestNg@59ec2012]" name="aSecondTest" duration-ms="24" started-at="2018-10-01T14:21:19Z" finished-at="2018-10-01T14:21:19Z">
          <reporter-output>
          </reporter-output>
        </test-method> <!-- aSecondTest -->
        <test-method status="PASS" signature="athirdTest()[pri:0, instance:Test.TestNg@59ec2012]" name="athirdTest" duration-ms="12" started-at="2018-10-01T14:21:19Z" finished-at="2018-10-01T14:21:19Z">
          <reporter-output>
          </reporter-output>
        </test-method> <!-- athirdTest -->
        <test-method status="PASS" signature="zfirstTest(java.lang.String, java.lang.String)[pri:0, instance:Test.TestNg@59ec2012]" name="zfirstTest" duration-ms="8" started-at="2018-10-01T14:21:19Z" finished-at="2018-10-01T14:21:19Z">
          <params>
            <param index="0">
              <value>
                <![CDATA[Vallabhaneni]]>
              </value>
            </param>
            <param index="1">
              <value>
                <![CDATA[shiva]]>
              </value>
            </param>
          </params>
          <reporter-output>
          </reporter-output>
        </test-method> <!-- zfirstTest -->
        <test-method status="PASS" signature="afterTest()[pri:0, instance:Test.TestNg@59ec2012]" name="afterTest" is-config="true" duration-ms="4" started-at="2018-10-01T14:21:19Z" finished-at="2018-10-01T14:21:19Z">
          <reporter-output>
          </reporter-output>
        </test-method> <!-- afterTest -->
      </class> <!-- Test.TestNg -->
      <class name="Test.NewTest">
        <test-method status="PASS" signature="bFirstTest(java.lang.String)[pri:49, instance:Test.NewTest@4cf777e8]" name="bFirstTest" duration-ms="10" started-at="2018-10-01T14:21:19Z" finished-at="2018-10-01T14:21:19Z">
          <params>
            <param index="0">
              <value>
                <![CDATA[shiva]]>
              </value>
            </param>
          </params>
          <reporter-output>
          </reporter-output>
        </test-method> <!-- bFirstTest -->
        <test-method status="PASS" signature="aSecondTest()[pri:50, instance:Test.NewTest@4cf777e8]" name="aSecondTest" duration-ms="8" started-at="2018-10-01T14:21:19Z" finished-at="2018-10-01T14:21:19Z">
          <reporter-output>
          </reporter-output>
        </test-method> <!-- aSecondTest -->
      </class> <!-- Test.NewTest -->
    </test> <!-- Test1 -->
  </suite> <!-- Suite 1 -->
</testng-results>
