<?xml version="1.0" encoding="UTF-8"?>
<!-- Generated by org.testng.reporters.JUnitXMLReporter -->
<testsuite hostname="Vallabhaneni-PC" ignored="0" name="Test" tests="5" failures="0" timestamp="27 Sep 2018 15:07:21 GMT" time="0.35" errors="0">
  <testcase name="aSecondTest" time="0.047" classname="Test.TestNg"/>
  <testcase name="athirdTest" time="0.007" classname="Test.TestNg"/>
  <testcase name="zfirstTest" time="0.006" classname="Test.TestNg"/>
  <testcase name="aSecondTest" time="0.02" classname="Test.NewTest"/>
  <testcase name="bFirstTest" time="0.01" classname="Test.NewTest"/>
</testsuite> <!-- Test -->
